This file contains any messages produced by compilers while
running configure, to aid debugging if configure makes a mistake.

It was created by opus configure 1.3.1, which was
generated by GNU Autoconf 2.69.  Invocation command line was

  $ ./configure 

## --------- ##
## Platform. ##
## --------- ##

hostname = raspberrypi
uname -m = armv7l
uname -r = 4.19.118-v7+
uname -s = Linux
uname -v = #1311 SMP Mon Apr 27 14:21:24 BST 2020

/usr/bin/uname -p = unknown
/bin/uname -X     = unknown

/bin/arch              = unknown
/usr/bin/arch -k       = unknown
/usr/convex/getsysinfo = unknown
/usr/bin/hostinfo      = unknown
/bin/machine           = unknown
/usr/bin/oslevel       = unknown
/bin/universe          = unknown

PATH: /usr/local/go/bin
PATH: /usr/local/sbin
PATH: /usr/local/bin
PATH: /usr/sbin
PATH: /usr/bin
PATH: /sbin
PATH: /bin
PATH: /opt/mssql-tools/bin


## ----------- ##
## Core tests. ##
## ----------- ##

configure:2360: checking whether make supports nested variables
configure:2377: result: yes
configure:2443: checking for a BSD-compatible install
configure:2511: result: /usr/bin/install -c
configure:2522: checking whether build environment is sane
configure:2577: result: yes
configure:2726: checking for a thread-safe mkdir -p
configure:2765: result: /bin/mkdir -p
configure:2772: checking for gawk
configure:2802: result: no
configure:2772: checking for mawk
configure:2788: found /usr/bin/mawk
configure:2799: result: mawk
configure:2810: checking whether make sets $(MAKE)
configure:2832: result: yes
configure:2957: checking whether to enable maintainer-specific portions of Makefiles
configure:2966: result: yes
configure:2984: checking build system type
configure:2998: result: armv7l-unknown-linux-gnueabihf
configure:3018: checking host system type
configure:3031: result: armv7l-unknown-linux-gnueabihf
configure:3103: checking how to print strings
configure:3130: result: printf
configure:3163: checking for style of include used by make
configure:3191: result: GNU
configure:3262: checking for gcc
configure:3278: found /usr/bin/gcc
configure:3289: result: gcc
configure:3518: checking for C compiler version
configure:3527: gcc --version >&5
gcc (Raspbian 8.3.0-6+rpi1) 8.3.0
Copyright (C) 2018 Free Software Foundation, Inc.
This is free software; see the source for copying conditions.  There is NO
warranty; not even for MERCHANTABILITY or FITNESS FOR A PARTICULAR PURPOSE.

configure:3538: $? = 0
configure:3527: gcc -v >&5
Using built-in specs.
COLLECT_GCC=gcc
COLLECT_LTO_WRAPPER=/usr/lib/gcc/arm-linux-gnueabihf/8/lto-wrapper
Target: arm-linux-gnueabihf
Configured with: ../src/configure -v --with-pkgversion='Raspbian 8.3.0-6+rpi1' --with-bugurl=file:///usr/share/doc/gcc-8/README.Bugs --enable-languages=c,ada,c++,go,d,fortran,objc,obj-c++ --prefix=/usr --with-gcc-major-version-only --program-suffix=-8 --program-prefix=arm-linux-gnueabihf- --enable-shared --enable-linker-build-id --libexecdir=/usr/lib --without-included-gettext --enable-threads=posix --libdir=/usr/lib --enable-nls --enable-bootstrap --enable-clocale=gnu --enable-libstdcxx-debug --enable-libstdcxx-time=yes --with-default-libstdcxx-abi=new --enable-gnu-unique-object --disable-libitm --disable-libquadmath --disable-libquadmath-support --enable-plugin --with-system-zlib --with-target-system-zlib --enable-objc-gc=auto --enable-multiarch --disable-sjlj-exceptions --with-arch=armv6 --with-fpu=vfp --with-float=hard --disable-werror --enable-checking=release --build=arm-linux-gnueabihf --host=arm-linux-gnueabihf --target=arm-linux-gnueabihf
Thread model: posix
gcc version 8.3.0 (Raspbian 8.3.0-6+rpi1) 
configure:3538: $? = 0
configure:3527: gcc -V >&5
gcc: error: unrecognized command line option '-V'
gcc: fatal error: no input files
compilation terminated.
configure:3538: $? = 1
configure:3527: gcc -qversion >&5
gcc: error: unrecognized command line option '-qversion'; did you mean '--version'?
gcc: fatal error: no input files
compilation terminated.
configure:3538: $? = 1
configure:3558: checking whether the C compiler works
configure:3580: gcc    conftest.c  >&5
configure:3584: $? = 0
configure:3632: result: yes
configure:3635: checking for C compiler default output file name
configure:3637: result: a.out
configure:3643: checking for suffix of executables
configure:3650: gcc -o conftest    conftest.c  >&5
configure:3654: $? = 0
configure:3676: result: 
configure:3698: checking whether we are cross compiling
configure:3706: gcc -o conftest    conftest.c  >&5
configure:3710: $? = 0
configure:3717: ./conftest
configure:3721: $? = 0
configure:3709: result: no
configure:3714: checking for suffix of object files
configure:3736: gcc -c   conftest.c >&5
configure:3740: $? = 0
configure:3761: result: o
configure:3765: checking whether we are using the GNU C compiler
configure:3784: gcc -c   conftest.c >&5
configure:3784: $? = 0
configure:3793: result: yes
configure:3802: checking whether gcc accepts -g
configure:3822: gcc -c -g  conftest.c >&5
configure:3822: $? = 0
configure:3863: result: yes
configure:3880: checking for gcc option to accept ISO C89
configure:3943: gcc  -c -g -O2  conftest.c >&5
configure:3943: $? = 0
configure:3956: result: none needed
configure:3981: checking whether gcc understands -c and -o together
configure:4003: gcc -c conftest.c -o conftest2.o
configure:4006: $? = 0
configure:4003: gcc -c conftest.c -o conftest2.o
configure:4006: $? = 0
configure:4018: result: yes
configure:4037: checking dependency style of gcc
configure:4148: result: gcc3
configure:4163: checking for a sed that does not truncate output
configure:4227: result: /bin/sed
configure:4245: checking for grep that handles long lines and -e
configure:4303: result: /bin/grep
configure:4308: checking for egrep
configure:4370: result: /bin/grep -E
configure:4375: checking for fgrep
configure:4437: result: /bin/grep -F
configure:4472: checking for ld used by gcc
configure:4539: result: /usr/bin/ld
configure:4546: checking if the linker (/usr/bin/ld) is GNU ld
configure:4561: result: yes
configure:4573: checking for BSD- or MS-compatible name lister (nm)
configure:4627: result: /usr/bin/nm -B
configure:4757: checking the name lister (/usr/bin/nm -B) interface
configure:4764: gcc -c -g -O2  conftest.c >&5
configure:4767: /usr/bin/nm -B "conftest.o"
configure:4770: output
00000000 B some_variable
configure:4771: result: BSD nm
configure:4774: checking whether ln -s works
configure:4778: result: yes
configure:4786: checking the maximum length of command line arguments
configure:4917: result: 1572864
configure:4965: checking how to convert armv7l-unknown-linux-gnueabihf file names to armv7l-unknown-linux-gnueabihf format
configure:5005: result: func_convert_file_noop
configure:5012: checking how to convert armv7l-unknown-linux-gnueabihf file names to toolchain format
configure:5032: result: func_convert_file_noop
configure:5039: checking for /usr/bin/ld option to reload object files
configure:5046: result: -r
configure:5120: checking for objdump
configure:5136: found /usr/bin/objdump
configure:5147: result: objdump
configure:5179: checking how to recognize dependent libraries
configure:5379: result: pass_all
configure:5464: checking for dlltool
configure:5494: result: no
configure:5524: checking how to associate runtime and link libraries
configure:5551: result: printf %s\n
configure:5612: checking for ar
configure:5628: found /usr/bin/ar
configure:5639: result: ar
configure:5676: checking for archiver @FILE support
configure:5693: gcc -c -g -O2  conftest.c >&5
configure:5693: $? = 0
configure:5696: ar cru libconftest.a @conftest.lst >&5
ar: `u' modifier ignored since `D' is the default (see `U')
configure:5699: $? = 0
configure:5704: ar cru libconftest.a @conftest.lst >&5
ar: `u' modifier ignored since `D' is the default (see `U')
ar: conftest.o: No such file or directory
configure:5707: $? = 1
configure:5706: result: @
configure:5764: checking for strip
configure:5780: found /usr/bin/strip
configure:5791: result: strip
configure:5863: checking for ranlib
configure:5879: found /usr/bin/ranlib
configure:5890: result: ranlib
configure:5992: checking command to parse /usr/bin/nm -B output from gcc object
configure:6145: gcc -c -g -O2  conftest.c >&5
configure:6148: $? = 0
configure:6152: /usr/bin/nm -B conftest.o \| sed -n -e 's/^.*[ ]\([ABCDGIRSTW][ABCDGIRSTW]*\)[ ][ ]*\([_A-Za-z][_A-Za-z0-9]*\)$/\1 \2 \2/p' | sed '/ __gnu_lto/d' \> conftest.nm
configure:6155: $? = 0
configure:6221: gcc -o conftest -g -O2   conftest.c conftstm.o >&5
configure:6224: $? = 0
configure:6262: result: ok
configure:6309: checking for sysroot
configure:6339: result: no
configure:6346: checking for a working dd
configure:6384: result: /bin/dd
configure:6388: checking how to truncate binary pipes
configure:6403: result: /bin/dd bs=4096 count=1
configure:6732: checking for mt
configure:6748: found /bin/mt
configure:6759: result: mt
configure:6782: checking if mt is a manifest tool
configure:6788: mt '-?'
configure:6796: result: no
configure:7473: checking how to run the C preprocessor
configure:7504: gcc -E  conftest.c
configure:7504: $? = 0
configure:7518: gcc -E  conftest.c
conftest.c:9:10: fatal error: ac_nonexistent.h: No such file or directory
 #include <ac_nonexistent.h>
          ^~~~~~~~~~~~~~~~~~
compilation terminated.
configure:7518: $? = 1
configure: failed program was:
| /* confdefs.h */
| #define PACKAGE_NAME "opus"
| #define PACKAGE_TARNAME "opus"
| #define PACKAGE_VERSION "1.3.1"
| #define PACKAGE_STRING "opus 1.3.1"
| #define PACKAGE_BUGREPORT "opus@xiph.org"
| #define PACKAGE_URL ""
| /* end confdefs.h.  */
| #include <ac_nonexistent.h>
configure:7543: result: gcc -E
configure:7563: gcc -E  conftest.c
configure:7563: $? = 0
configure:7577: gcc -E  conftest.c
conftest.c:9:10: fatal error: ac_nonexistent.h: No such file or directory
 #include <ac_nonexistent.h>
          ^~~~~~~~~~~~~~~~~~
compilation terminated.
configure:7577: $? = 1
configure: failed program was:
| /* confdefs.h */
| #define PACKAGE_NAME "opus"
| #define PACKAGE_TARNAME "opus"
| #define PACKAGE_VERSION "1.3.1"
| #define PACKAGE_STRING "opus 1.3.1"
| #define PACKAGE_BUGREPORT "opus@xiph.org"
| #define PACKAGE_URL ""
| /* end confdefs.h.  */
| #include <ac_nonexistent.h>
configure:7606: checking for ANSI C header files
configure:7626: gcc -c -g -O2  conftest.c >&5
configure:7626: $? = 0
configure:7699: gcc -o conftest -g -O2   conftest.c  >&5
configure:7699: $? = 0
configure:7699: ./conftest
configure:7699: $? = 0
configure:7710: result: yes
configure:7723: checking for sys/types.h
configure:7723: gcc -c -g -O2  conftest.c >&5
configure:7723: $? = 0
configure:7723: result: yes
configure:7723: checking for sys/stat.h
configure:7723: gcc -c -g -O2  conftest.c >&5
configure:7723: $? = 0
configure:7723: result: yes
configure:7723: checking for stdlib.h
configure:7723: gcc -c -g -O2  conftest.c >&5
configure:7723: $? = 0
configure:7723: result: yes
configure:7723: checking for string.h
configure:7723: gcc -c -g -O2  conftest.c >&5
configure:7723: $? = 0
configure:7723: result: yes
configure:7723: checking for memory.h
configure:7723: gcc -c -g -O2  conftest.c >&5
configure:7723: $? = 0
configure:7723: result: yes
configure:7723: checking for strings.h
configure:7723: gcc -c -g -O2  conftest.c >&5
configure:7723: $? = 0
configure:7723: result: yes
configure:7723: checking for inttypes.h
configure:7723: gcc -c -g -O2  conftest.c >&5
configure:7723: $? = 0
configure:7723: result: yes
configure:7723: checking for stdint.h
configure:7723: gcc -c -g -O2  conftest.c >&5
configure:7723: $? = 0
configure:7723: result: yes
configure:7723: checking for unistd.h
configure:7723: gcc -c -g -O2  conftest.c >&5
configure:7723: $? = 0
configure:7723: result: yes
configure:7737: checking for dlfcn.h
configure:7737: gcc -c -g -O2  conftest.c >&5
configure:7737: $? = 0
configure:7737: result: yes
configure:7993: checking for objdir
configure:8008: result: .libs
configure:8272: checking if gcc supports -fno-rtti -fno-exceptions
configure:8290: gcc -c -g -O2  -fno-rtti -fno-exceptions conftest.c >&5
cc1: warning: command line option '-fno-rtti' is valid for C++/ObjC++ but not for C
configure:8294: $? = 0
configure:8307: result: no
configure:8665: checking for gcc option to produce PIC
configure:8672: result: -fPIC -DPIC
configure:8680: checking if gcc PIC flag -fPIC -DPIC works
configure:8698: gcc -c -g -O2  -fPIC -DPIC -DPIC conftest.c >&5
configure:8702: $? = 0
configure:8715: result: yes
configure:8744: checking if gcc static flag -static works
configure:8772: result: yes
configure:8787: checking if gcc supports -c -o file.o
configure:8808: gcc -c -g -O2  -o out/conftest2.o conftest.c >&5
configure:8812: $? = 0
configure:8834: result: yes
configure:8842: checking if gcc supports -c -o file.o
configure:8889: result: yes
configure:8922: checking whether the gcc linker (/usr/bin/ld) supports shared libraries
configure:10181: result: yes
configure:10218: checking whether -lc should be explicitly linked in
configure:10226: gcc -c -g -O2  conftest.c >&5
configure:10229: $? = 0
configure:10244: gcc -shared  -fPIC -DPIC conftest.o  -v -Wl,-soname -Wl,conftest -o conftest 2\>\&1 \| /bin/grep  -lc  \>/dev/null 2\>\&1
configure:10247: $? = 0
configure:10261: result: no
configure:10421: checking dynamic linker characteristics
configure:11002: gcc -o conftest -g -O2   -Wl,-rpath -Wl,/foo conftest.c  >&5
configure:11002: $? = 0
configure:11242: result: GNU/Linux ld.so
configure:11364: checking how to hardcode library paths into programs
configure:11389: result: immediate
configure:11937: checking whether stripping libraries is possible
configure:11942: result: yes
configure:11977: checking if libtool supports shared libraries
configure:11979: result: yes
configure:11982: checking whether to build shared libraries
configure:12007: result: yes
configure:12010: checking whether to build static libraries
configure:12014: result: yes
configure:8842: checking for gcc option to accept ISO C99
configure:8991: gcc  -c -g -O2  conftest.c >&5
configure:8991: $? = 0
configure:9004: result: none needed
configure:9019: checking for an ANSI C-conforming const
configure:9085: gcc -c -g -O2  conftest.c >&5
configure:9085: $? = 0
configure:9092: result: yes
configure:9100: checking for inline
configure:9116: gcc -c -g -O2  conftest.c >&5
configure:9116: $? = 0
configure:9124: result: inline
configure:9152: checking dependency style of gcc
configure:9261: result: gcc3
configure:9285: checking for C/C++ restrict keyword
configure:9310: gcc -c -g -O2  conftest.c >&5
configure:9310: $? = 0
configure:9318: result: __restrict
configure:9333: checking for C99 variable-size arrays
configure:9346: gcc -c -g -O2  conftest.c >&5
configure:9346: $? = 0
configure:9359: result: yes
configure:9494: checking for cos in -lm
configure:9519: gcc -o conftest -g -O2   conftest.c -lm   >&5
conftest.c:31:6: warning: conflicting types for built-in function 'cos' [-Wbuiltin-declaration-mismatch]
 char cos ();
      ^~~
configure:9519: $? = 0
configure:9528: result: yes
configure:10263: checking if compiler supports ARM Neon intrinsics
configure:10282: gcc -o conftest -g -O2   conftest.c  >&5
In file included from conftest.c:24:
conftest.c: In function 'main':
/usr/lib/gcc/arm-linux-gnueabihf/8/include/arm_neon.h:6265:1: error: inlining failed in call to always_inline 'vgetq_lane_f32': target specific option mismatch
 vgetq_lane_f32 (float32x4_t __a, const int __b)
 ^~~~~~~~~~~~~~
conftest.c:32:25: note: called from here
             return (int)vgetq_lane_f32(SUMM, 0);
                         ^~~~~~~~~~~~~~~~~~~~~~~
In file included from conftest.c:24:
/usr/lib/gcc/arm-linux-gnueabihf/8/include/arm_neon.h:1465:1: error: inlining failed in call to always_inline 'vmlaq_f32': target specific option mismatch
 vmlaq_f32 (float32x4_t __a, float32x4_t __b, float32x4_t __c)
 ^~~~~~~~~
conftest.c:31:20: note: called from here
             SUMM = vmlaq_f32(SUMM, A0, A1);
                    ^~~~~~~~~~~~~~~~~~~~~~~
configure:10282: $? = 1
configure: failed program was:
| /* confdefs.h */
| #define PACKAGE_NAME "opus"
| #define PACKAGE_TARNAME "opus"
| #define PACKAGE_VERSION "1.3.1"
| #define PACKAGE_STRING "opus 1.3.1"
| #define PACKAGE_BUGREPORT "opus@xiph.org"
| #define PACKAGE_URL ""
| #define STDC_HEADERS 1
| #define HAVE_SYS_TYPES_H 1
| #define HAVE_SYS_STAT_H 1
| #define HAVE_STDLIB_H 1
| #define HAVE_STRING_H 1
| #define HAVE_MEMORY_H 1
| #define HAVE_STRINGS_H 1
| #define HAVE_INTTYPES_H 1
| #define HAVE_STDINT_H 1
| #define HAVE_UNISTD_H 1
| #define HAVE_DLFCN_H 1
| #define LT_OBJDIR ".libs/"
| #define OPUS_BUILD /**/
| #define restrict __restrict
| #define VAR_ARRAYS 1
| /* end confdefs.h.  */
| #include <arm_neon.h>
| 
| int
| main ()
| {
| 
|             static float32x4_t A0, A1, SUMM;
|             SUMM = vmlaq_f32(SUMM, A0, A1);
|             return (int)vgetq_lane_f32(SUMM, 0);
| 
| 
|   ;
|   return 0;
| }
configure:10292: result: no
configure:10294: checking if compiler supports ARM Neon intrinsics with -mfpu=neon
configure:10314: gcc -o conftest -g -O2 -mfpu=neon   conftest.c  >&5
configure:10314: $? = 0
configure:10316: result: yes
configure:10414: checking for NE10
configure:10436: gcc -o conftest -g -O2    conftest.c   -lNE10 -lm >&5
conftest.c:26:22: fatal error: NE10_dsp.h: No such file or directory
             #include <NE10_dsp.h>
                      ^~~~~~~~~~~~
compilation terminated.
configure:10436: $? = 1
configure: failed program was:
| /* confdefs.h */
| #define PACKAGE_NAME "opus"
| #define PACKAGE_TARNAME "opus"
| #define PACKAGE_VERSION "1.3.1"
| #define PACKAGE_STRING "opus 1.3.1"
| #define PACKAGE_BUGREPORT "opus@xiph.org"
| #define PACKAGE_URL ""
| #define STDC_HEADERS 1
| #define HAVE_SYS_TYPES_H 1
| #define HAVE_SYS_STAT_H 1
| #define HAVE_STDLIB_H 1
| #define HAVE_STRING_H 1
| #define HAVE_MEMORY_H 1
| #define HAVE_STRINGS_H 1
| #define HAVE_INTTYPES_H 1
| #define HAVE_STDINT_H 1
| #define HAVE_UNISTD_H 1
| #define HAVE_DLFCN_H 1
| #define LT_OBJDIR ".libs/"
| #define OPUS_BUILD /**/
| #define restrict __restrict
| #define VAR_ARRAYS 1
| #define OPUS_ARM_MAY_HAVE_NEON_INTR 1
| /* end confdefs.h.  */
| 
|             #include <NE10_dsp.h>
| 
| int
| main ()
| {
| 
|                   ne10_fft_cfg_float32_t cfg;
|                   cfg = ne10_fft_alloc_c2c_float32_neon(480);
| 
| 
|   ;
|   return 0;
| }
| 
configure:10445: result: no
configure:10480: checking if compiler supports Aarch64 Neon intrinsics
configure:10499: gcc -o conftest -g -O2   conftest.c  >&5
conftest.c: In function 'main':
conftest.c:33:22: warning: implicit declaration of function 'vqmovns_s32'; did you mean 'vqmovn_s32'? [-Wimplicit-function-declaration]
                OUT = vqmovns_s32(IN);
                      ^~~~~~~~~~~
                      vqmovn_s32
/usr/bin/ld: /tmp/ccQNTB9N.o: in function `main':
/home/talkkonnect/gocode/src/github.com/talkkonnect/gopus/opus-1.3.1/conftest.c:33: undefined reference to `vqmovns_s32'
collect2: error: ld returned 1 exit status
configure:10499: $? = 1
configure: failed program was:
| /* confdefs.h */
| #define PACKAGE_NAME "opus"
| #define PACKAGE_TARNAME "opus"
| #define PACKAGE_VERSION "1.3.1"
| #define PACKAGE_STRING "opus 1.3.1"
| #define PACKAGE_BUGREPORT "opus@xiph.org"
| #define PACKAGE_URL ""
| #define STDC_HEADERS 1
| #define HAVE_SYS_TYPES_H 1
| #define HAVE_SYS_STAT_H 1
| #define HAVE_STDLIB_H 1
| #define HAVE_STRING_H 1
| #define HAVE_MEMORY_H 1
| #define HAVE_STRINGS_H 1
| #define HAVE_INTTYPES_H 1
| #define HAVE_STDINT_H 1
| #define HAVE_UNISTD_H 1
| #define HAVE_DLFCN_H 1
| #define LT_OBJDIR ".libs/"
| #define OPUS_BUILD /**/
| #define restrict __restrict
| #define VAR_ARRAYS 1
| #define OPUS_ARM_MAY_HAVE_NEON_INTR 1
| /* end confdefs.h.  */
| #include <arm_neon.h>
| 
| int
| main ()
| {
| 
|                static int32_t IN;
|                static int16_t OUT;
|                OUT = vqmovns_s32(IN);
| 
| 
|   ;
|   return 0;
| }
configure:10509: result: no
configure:10511: checking if compiler supports Aarch64 Neon intrinsics with -mfpu=neon
configure:10531: gcc -o conftest -g -O2 -mfpu=neon   conftest.c  >&5
conftest.c: In function 'main':
conftest.c:33:22: warning: implicit declaration of function 'vqmovns_s32'; did you mean 'vqmovn_s32'? [-Wimplicit-function-declaration]
                OUT = vqmovns_s32(IN);
                      ^~~~~~~~~~~
                      vqmovn_s32
/usr/bin/ld: /tmp/ccoLPlaL.o: in function `main':
/home/talkkonnect/gocode/src/github.com/talkkonnect/gopus/opus-1.3.1/conftest.c:33: undefined reference to `vqmovns_s32'
collect2: error: ld returned 1 exit status
configure:10531: $? = 1
configure: failed program was:
| /* confdefs.h */
| #define PACKAGE_NAME "opus"
| #define PACKAGE_TARNAME "opus"
| #define PACKAGE_VERSION "1.3.1"
| #define PACKAGE_STRING "opus 1.3.1"
| #define PACKAGE_BUGREPORT "opus@xiph.org"
| #define PACKAGE_URL ""
| #define STDC_HEADERS 1
| #define HAVE_SYS_TYPES_H 1
| #define HAVE_SYS_STAT_H 1
| #define HAVE_STDLIB_H 1
| #define HAVE_STRING_H 1
| #define HAVE_MEMORY_H 1
| #define HAVE_STRINGS_H 1
| #define HAVE_INTTYPES_H 1
| #define HAVE_STDINT_H 1
| #define HAVE_UNISTD_H 1
| #define HAVE_DLFCN_H 1
| #define LT_OBJDIR ".libs/"
| #define OPUS_BUILD /**/
| #define restrict __restrict
| #define VAR_ARRAYS 1
| #define OPUS_ARM_MAY_HAVE_NEON_INTR 1
| /* end confdefs.h.  */
| #include <arm_neon.h>
| 
| int
| main ()
| {
| 
|                static int32_t IN;
|                static int16_t OUT;
|                OUT = vqmovns_s32(IN);
| 
| 
|   ;
|   return 0;
| }
configure:10539: result: no
configure:11257: checking for doxygen
configure:11285: result: no
configure:11295: checking for dot
configure:11323: result: no
configure:11384: checking if gcc supports -fvisibility=hidden
configure:11390: gcc -c -g -O2 -fvisibility=hidden  conftest.c >&5
configure:11390: $? = 0
configure:11391: result: yes
configure:11464: checking whether to add -D_FORTIFY_SOURCE=2 to CFLAGS
configure:11480: gcc -o conftest -g -O2 -fvisibility=hidden   conftest.c  >&5
configure:11480: $? = 0
configure:11482: result: yes
configure:11503: checking if gcc supports -Wall -Wextra -Wcast-align -Wnested-externs -Wshadow -Wstrict-prototypes
configure:11509: gcc -c -g -O2 -fvisibility=hidden -D_FORTIFY_SOURCE=2 -W -Wall -Wextra -Wcast-align -Wnested-externs -Wshadow -Wstrict-prototypes  conftest.c >&5
configure:11509: $? = 0
configure:11510: result: yes
configure:11524: checking for lrintf
configure:11524: gcc -o conftest -g -O2 -fvisibility=hidden -D_FORTIFY_SOURCE=2 -W -Wall -Wextra -Wcast-align -Wnested-externs -Wshadow -Wstrict-prototypes   conftest.c  -lm >&5
conftest.c:50:1: warning: function declaration isn't a prototype [-Wstrict-prototypes]
 char lrintf ();
 ^~~~
conftest.c:50:6: warning: conflicting types for built-in function 'lrintf' [-Wbuiltin-declaration-mismatch]
 char lrintf ();
      ^~~~~~
conftest.c:59:1: warning: function declaration isn't a prototype [-Wstrict-prototypes]
 main ()
 ^~~~
configure:11524: $? = 0
configure:11524: result: yes
configure:11535: checking for lrint
configure:11535: gcc -o conftest -g -O2 -fvisibility=hidden -D_FORTIFY_SOURCE=2 -W -Wall -Wextra -Wcast-align -Wnested-externs -Wshadow -Wstrict-prototypes   conftest.c  -lm >&5
conftest.c:51:1: warning: function declaration isn't a prototype [-Wstrict-prototypes]
 char lrint ();
 ^~~~
conftest.c:51:6: warning: conflicting types for built-in function 'lrint' [-Wbuiltin-declaration-mismatch]
 char lrint ();
      ^~~~~
conftest.c:60:1: warning: function declaration isn't a prototype [-Wstrict-prototypes]
 main ()
 ^~~~
configure:11535: $? = 0
configure:11535: result: yes
configure:11548: checking for __malloc_hook
configure:11548: gcc -o conftest -g -O2 -fvisibility=hidden -D_FORTIFY_SOURCE=2 -W -Wall -Wextra -Wcast-align -Wnested-externs -Wshadow -Wstrict-prototypes   conftest.c  >&5
conftest.c:52:1: warning: function declaration isn't a prototype [-Wstrict-prototypes]
 char __malloc_hook ();
 ^~~~
conftest.c:61:1: warning: function declaration isn't a prototype [-Wstrict-prototypes]
 main ()
 ^~~~
configure:11548: $? = 0
configure:11548: result: yes
configure:11666: checking that generated files are newer than configure
configure:11672: result: done
configure:11783: creating ./config.status

## ---------------------- ##
## Running config.status. ##
## ---------------------- ##

This file was extended by opus config.status 1.3.1, which was
generated by GNU Autoconf 2.69.  Invocation command line was

  CONFIG_FILES    = 
  CONFIG_HEADERS  = 
  CONFIG_LINKS    = 
  CONFIG_COMMANDS = 
  $ ./config.status 

on raspberrypi

config.status:1153: creating Makefile
config.status:1153: creating opus.pc
config.status:1153: creating opus-uninstalled.pc
config.status:1153: creating celt/arm/armopts.s
config.status:1153: creating doc/Makefile
config.status:1153: creating doc/Doxyfile
config.status:1153: creating config.h
config.status:1382: executing depfiles commands
config.status:1382: executing libtool commands
configure:13963:
------------------------------------------------------------------------
  opus 1.3.1:  Automatic configuration OK.

    Compiler support:

      C99 var arrays: ................ yes
      C99 lrintf: .................... yes
      Use alloca: .................... no (using var arrays)

    General configuration:

      Floating point support: ........ yes
      Fast float approximations: ..... no
      Fixed point debugging: ......... no
      Inline Assembly Optimizations: . No inline ASM for your platform, please send patches
      External Assembly Optimizations: 
      Intrinsics Optimizations: ...... ARM (NEON)
      Run-time CPU detection: ........ ARM (NEON Intrinsics)
      Custom modes: .................. no
      Assertion checking: ............ no
      Hardening: ..................... yes
      Fuzzing: ....................... no
      Check ASM: ..................... no

      API documentation: ............. yes
      Extra programs: ................ yes
------------------------------------------------------------------------

 Type "make; make install" to compile and install
 Type "make check" to run the test suite


## ---------------- ##
## Cache variables. ##
## ---------------- ##

ac_cv_build=armv7l-unknown-linux-gnueabihf
ac_cv_c_compiler_gnu=yes
ac_cv_c_const=yes
ac_cv_c_inline=inline
ac_cv_c_restrict=__restrict
ac_cv_env_ARM_NEON_INTR_CFLAGS_set=
ac_cv_env_ARM_NEON_INTR_CFLAGS_value=
ac_cv_env_CCASFLAGS_set=
ac_cv_env_CCASFLAGS_value=
ac_cv_env_CCAS_set=
ac_cv_env_CCAS_value=
ac_cv_env_CC_set=
ac_cv_env_CC_value=
ac_cv_env_CFLAGS_set=
ac_cv_env_CFLAGS_value=
ac_cv_env_CPPFLAGS_set=
ac_cv_env_CPPFLAGS_value=
ac_cv_env_CPP_set=
ac_cv_env_CPP_value=
ac_cv_env_LDFLAGS_set=
ac_cv_env_LDFLAGS_value=
ac_cv_env_LIBS_set=
ac_cv_env_LIBS_value=
ac_cv_env_LT_SYS_LIBRARY_PATH_set=
ac_cv_env_LT_SYS_LIBRARY_PATH_value=
ac_cv_env_X86_AVX_CFLAGS_set=
ac_cv_env_X86_AVX_CFLAGS_value=
ac_cv_env_X86_SSE2_CFLAGS_set=
ac_cv_env_X86_SSE2_CFLAGS_value=
ac_cv_env_X86_SSE4_1_CFLAGS_set=
ac_cv_env_X86_SSE4_1_CFLAGS_value=
ac_cv_env_X86_SSE_CFLAGS_set=
ac_cv_env_X86_SSE_CFLAGS_value=
ac_cv_env_build_alias_set=
ac_cv_env_build_alias_value=
ac_cv_env_host_alias_set=
ac_cv_env_host_alias_value=
ac_cv_env_target_alias_set=
ac_cv_env_target_alias_value=
ac_cv_func___malloc_hook=yes
ac_cv_func_lrint=yes
ac_cv_func_lrintf=yes
ac_cv_header_dlfcn_h=yes
ac_cv_header_inttypes_h=yes
ac_cv_header_memory_h=yes
ac_cv_header_stdc=yes
ac_cv_header_stdint_h=yes
ac_cv_header_stdlib_h=yes
ac_cv_header_string_h=yes
ac_cv_header_strings_h=yes
ac_cv_header_sys_stat_h=yes
ac_cv_header_sys_types_h=yes
ac_cv_header_unistd_h=yes
ac_cv_host=armv7l-unknown-linux-gnueabihf
ac_cv_lib_m_cos=yes
ac_cv_objext=o
ac_cv_path_EGREP='/bin/grep -E'
ac_cv_path_FGREP='/bin/grep -F'
ac_cv_path_GREP=/bin/grep
ac_cv_path_SED=/bin/sed
ac_cv_path_install='/usr/bin/install -c'
ac_cv_path_lt_DD=/bin/dd
ac_cv_path_mkdir=/bin/mkdir
ac_cv_prog_AWK=mawk
ac_cv_prog_CPP='gcc -E'
ac_cv_prog_HAVE_DOT=no
ac_cv_prog_HAVE_DOXYGEN=no
ac_cv_prog_ac_ct_AR=ar
ac_cv_prog_ac_ct_CC=gcc
ac_cv_prog_ac_ct_MANIFEST_TOOL=mt
ac_cv_prog_ac_ct_OBJDUMP=objdump
ac_cv_prog_ac_ct_RANLIB=ranlib
ac_cv_prog_ac_ct_STRIP=strip
ac_cv_prog_cc_c89=
ac_cv_prog_cc_c99=
ac_cv_prog_cc_g=yes
ac_cv_prog_make_make_set=yes
am_cv_CCAS_dependencies_compiler_type=gcc3
am_cv_CC_dependencies_compiler_type=gcc3
am_cv_make_support_nested_variables=yes
am_cv_prog_cc_c_o=yes
lt_cv_ar_at_file=@
lt_cv_archive_cmds_need_lc=no
lt_cv_deplibs_check_method=pass_all
lt_cv_file_magic_cmd='$MAGIC_CMD'
lt_cv_file_magic_test_file=
lt_cv_ld_reload_flag=-r
lt_cv_nm_interface='BSD nm'
lt_cv_objdir=.libs
lt_cv_path_LD=/usr/bin/ld
lt_cv_path_NM='/usr/bin/nm -B'
lt_cv_path_mainfest_tool=no
lt_cv_prog_compiler_c_o=yes
lt_cv_prog_compiler_pic='-fPIC -DPIC'
lt_cv_prog_compiler_pic_works=yes
lt_cv_prog_compiler_rtti_exceptions=no
lt_cv_prog_compiler_static_works=yes
lt_cv_prog_gnu_ld=yes
lt_cv_sharedlib_from_linklib_cmd='printf %s\n'
lt_cv_shlibpath_overrides_runpath=yes
lt_cv_sys_global_symbol_pipe='sed -n -e '\''s/^.*[	 ]\([ABCDGIRSTW][ABCDGIRSTW]*\)[	 ][	 ]*\([_A-Za-z][_A-Za-z0-9]*\)$/\1 \2 \2/p'\'' | sed '\''/ __gnu_lto/d'\'''
lt_cv_sys_global_symbol_to_c_name_address='sed -n -e '\''s/^: \(.*\) .*$/  {"\1", (void *) 0},/p'\'' -e '\''s/^[ABCDGIRSTW][ABCDGIRSTW]* .* \(.*\)$/  {"\1", (void *) \&\1},/p'\'''
lt_cv_sys_global_symbol_to_c_name_address_lib_prefix='sed -n -e '\''s/^: \(.*\) .*$/  {"\1", (void *) 0},/p'\'' -e '\''s/^[ABCDGIRSTW][ABCDGIRSTW]* .* \(lib.*\)$/  {"\1", (void *) \&\1},/p'\'' -e '\''s/^[ABCDGIRSTW][ABCDGIRSTW]* .* \(.*\)$/  {"lib\1", (void *) \&\1},/p'\'''
lt_cv_sys_global_symbol_to_cdecl='sed -n -e '\''s/^T .* \(.*\)$/extern int \1();/p'\'' -e '\''s/^[ABCDGIRSTW][ABCDGIRSTW]* .* \(.*\)$/extern char \1;/p'\'''
lt_cv_sys_global_symbol_to_import=
lt_cv_sys_max_cmd_len=1572864
lt_cv_to_host_file_cmd=func_convert_file_noop
lt_cv_to_tool_file_cmd=func_convert_file_noop
lt_cv_truncate_bin='/bin/dd bs=4096 count=1'

## ----------------- ##
## Output variables. ##
## ----------------- ##

ACLOCAL='${SHELL} /home/talkkonnect/gocode/src/github.com/talkkonnect/gopus/opus-1.3.1/missing aclocal-1.15'
AMDEPBACKSLASH='\'
AMDEP_FALSE='#'
AMDEP_TRUE=''
AMTAR='$${TAR-tar}'
AM_BACKSLASH='\'
AM_DEFAULT_V='$(AM_DEFAULT_VERBOSITY)'
AM_DEFAULT_VERBOSITY='0'
AM_V='$(V)'
AR='ar'
ARM2GNU_PARAMS=''
ARM_NEON_INTR_CFLAGS='-mfpu=neon'
AUTOCONF='${SHELL} /home/talkkonnect/gocode/src/github.com/talkkonnect/gopus/opus-1.3.1/missing autoconf'
AUTOHEADER='${SHELL} /home/talkkonnect/gocode/src/github.com/talkkonnect/gopus/opus-1.3.1/missing autoheader'
AUTOMAKE='${SHELL} /home/talkkonnect/gocode/src/github.com/talkkonnect/gopus/opus-1.3.1/missing automake-1.15'
AWK='mawk'
CC='gcc'
CCAS='gcc'
CCASDEPMODE='depmode=gcc3'
CCASFLAGS='-g -O2'
CCDEPMODE='depmode=gcc3'
CFLAGS='-g -O2 -fvisibility=hidden -D_FORTIFY_SOURCE=2 -W -Wall -Wextra -Wcast-align -Wnested-externs -Wshadow -Wstrict-prototypes'
CPP='gcc -E'
CPPFLAGS=''
CPU_ARM_FALSE='#'
CPU_ARM_TRUE=''
CUSTOM_MODES_FALSE=''
CUSTOM_MODES_TRUE='#'
CYGPATH_W='echo'
DEFS='-DHAVE_CONFIG_H'
DEPDIR='.deps'
DISABLE_FLOAT_API_FALSE=''
DISABLE_FLOAT_API_TRUE='#'
DLLTOOL='false'
DSYMUTIL=''
DUMPBIN=''
ECHO_C=''
ECHO_N='-n'
ECHO_T=''
EGREP='/bin/grep -E'
EXEEXT=''
EXTRA_PROGRAMS_FALSE='#'
EXTRA_PROGRAMS_TRUE=''
FGREP='/bin/grep -F'
FIXED_POINT_FALSE=''
FIXED_POINT_TRUE='#'
GREP='/bin/grep'
HAVE_ARM_NE10='0'
HAVE_ARM_NE10_FALSE=''
HAVE_ARM_NE10_TRUE='#'
HAVE_ARM_NEON_INTR_FALSE='#'
HAVE_ARM_NEON_INTR_TRUE=''
HAVE_AVX_FALSE=''
HAVE_AVX_TRUE='#'
HAVE_DOT='no'
HAVE_DOXYGEN='no'
HAVE_DOXYGEN_FALSE=''
HAVE_DOXYGEN_TRUE='#'
HAVE_PERL=''
HAVE_SSE2_FALSE=''
HAVE_SSE2_TRUE='#'
HAVE_SSE4_1_FALSE=''
HAVE_SSE4_1_TRUE='#'
HAVE_SSE_FALSE=''
HAVE_SSE_TRUE='#'
INSTALL_DATA='${INSTALL} -m 644'
INSTALL_PROGRAM='${INSTALL}'
INSTALL_SCRIPT='${INSTALL}'
INSTALL_STRIP_PROGRAM='$(install_sh) -c -s'
LD='/usr/bin/ld'
LDFLAGS=''
LIBM='-lm'
LIBOBJS=''
LIBS=''
LIBTOOL='$(SHELL) $(top_builddir)/libtool'
LIPO=''
LN_S='ln -s'
LTLIBOBJS=''
LT_SYS_LIBRARY_PATH=''
MAINT=''
MAINTAINER_MODE_FALSE='#'
MAINTAINER_MODE_TRUE=''
MAKEINFO='${SHELL} /home/talkkonnect/gocode/src/github.com/talkkonnect/gopus/opus-1.3.1/missing makeinfo'
MANIFEST_TOOL=':'
MKDIR_P='/bin/mkdir -p'
NE10_CFLAGS=''
NE10_LIBS=''
NM='/usr/bin/nm -B'
NMEDIT=''
OBJDUMP='objdump'
OBJEXT='o'
OPUS_ARM_EXTERNAL_ASM_FALSE=''
OPUS_ARM_EXTERNAL_ASM_TRUE='#'
OPUS_ARM_INLINE_ASM_FALSE=''
OPUS_ARM_INLINE_ASM_TRUE='#'
OPUS_ARM_MAY_HAVE_EDSP=''
OPUS_ARM_MAY_HAVE_MEDIA=''
OPUS_ARM_MAY_HAVE_NEON=''
OPUS_ARM_NEON_INTR_CFLAGS='-mfpu=neon'
OPUS_HAVE_RTCD='1'
OPUS_LT_AGE='8'
OPUS_LT_CURRENT='8'
OPUS_LT_REVISION='0'
OPUS_X86_AVX_CFLAGS=''
OPUS_X86_SSE2_CFLAGS=''
OPUS_X86_SSE4_1_CFLAGS=''
OPUS_X86_SSE_CFLAGS=''
OTOOL64=''
OTOOL=''
PACKAGE='opus'
PACKAGE_BUGREPORT='opus@xiph.org'
PACKAGE_NAME='opus'
PACKAGE_STRING='opus 1.3.1'
PACKAGE_TARNAME='opus'
PACKAGE_URL=''
PACKAGE_VERSION='1.3.1'
PATH_SEPARATOR=':'
PC_BUILD='floating-point'
RANLIB='ranlib'
SED='/bin/sed'
SET_MAKE=''
SHELL='/bin/bash'
STRIP='strip'
VERSION='1.3.1'
X86_AVX_CFLAGS='-mavx'
X86_SSE2_CFLAGS='-msse2'
X86_SSE4_1_CFLAGS='-msse4.1'
X86_SSE_CFLAGS='-msse'
ac_ct_AR='ar'
ac_ct_CC='gcc'
ac_ct_DUMPBIN=''
am__EXEEXT_FALSE=''
am__EXEEXT_TRUE='#'
am__fastdepCCAS_FALSE='#'
am__fastdepCCAS_TRUE=''
am__fastdepCC_FALSE='#'
am__fastdepCC_TRUE=''
am__include='include'
am__isrc=''
am__leading_dot='.'
am__nodep='_no'
am__quote=''
am__tar='$${TAR-tar} chof - "$$tardir"'
am__untar='$${TAR-tar} xf -'
bindir='${exec_prefix}/bin'
build='armv7l-unknown-linux-gnueabihf'
build_alias=''
build_cpu='armv7l'
build_os='linux-gnueabihf'
build_vendor='unknown'
datadir='${datarootdir}'
datarootdir='${prefix}/share'
docdir='${datarootdir}/doc/${PACKAGE_TARNAME}'
dvidir='${docdir}'
exec_prefix='${prefix}'
host='armv7l-unknown-linux-gnueabihf'
host_alias=''
host_cpu='armv7l'
host_os='linux-gnueabihf'
host_vendor='unknown'
htmldir='${docdir}'
includedir='${prefix}/include'
infodir='${datarootdir}/info'
install_sh='${SHELL} /home/talkkonnect/gocode/src/github.com/talkkonnect/gopus/opus-1.3.1/install-sh'
libdir='${exec_prefix}/lib'
libexecdir='${exec_prefix}/libexec'
localedir='${datarootdir}/locale'
localstatedir='${prefix}/var'
mandir='${datarootdir}/man'
mkdir_p='$(MKDIR_P)'
oldincludedir='/usr/include'
pdfdir='${docdir}'
prefix='/usr/local'
program_transform_name='s,x,x,'
psdir='${docdir}'
sbindir='${exec_prefix}/sbin'
sharedstatedir='${prefix}/com'
sysconfdir='${prefix}/etc'
target_alias=''

## ----------- ##
## confdefs.h. ##
## ----------- ##

/* confdefs.h */
#define PACKAGE_NAME "opus"
#define PACKAGE_TARNAME "opus"
#define PACKAGE_VERSION "1.3.1"
#define PACKAGE_STRING "opus 1.3.1"
#define PACKAGE_BUGREPORT "opus@xiph.org"
#define PACKAGE_URL ""
#define STDC_HEADERS 1
#define HAVE_SYS_TYPES_H 1
#define HAVE_SYS_STAT_H 1
#define HAVE_STDLIB_H 1
#define HAVE_STRING_H 1
#define HAVE_MEMORY_H 1
#define HAVE_STRINGS_H 1
#define HAVE_INTTYPES_H 1
#define HAVE_STDINT_H 1
#define HAVE_UNISTD_H 1
#define HAVE_DLFCN_H 1
#define LT_OBJDIR ".libs/"
#define OPUS_BUILD /**/
#define restrict __restrict
#define VAR_ARRAYS 1
#define OPUS_ARM_MAY_HAVE_NEON_INTR 1
#define OPUS_HAVE_RTCD 1
#define ENABLE_HARDENING 1
#define HAVE_LRINTF 1
#define HAVE_LRINT 1
#define HAVE___MALLOC_HOOK 1

configure: exit 0
